[33mwarn[39m:    --minUptime not set. Defaulting to: 1000ms
[33mwarn[39m:    --spinSleepTime not set. Your script will exit if it does not stay up for at least 1000ms
Bot has started, with 163 users, in 15 channels of 1 guilds.
[33mwarn[39m:    --minUptime not set. Defaulting to: 1000ms
[33mwarn[39m:    --spinSleepTime not set. Your script will exit if it does not stay up for at least 1000ms
Bot has started, with 163 users, in 15 channels of 1 guilds.
[33mwarn[39m:    --minUptime not set. Defaulting to: 1000ms
[33mwarn[39m:    --spinSleepTime not set. Your script will exit if it does not stay up for at least 1000ms
Bot has started, with 163 users, in 15 channels of 1 guilds.
events.js:173
    throw err; // Unhandled 'error' event
    ^

Error [ERR_UNHANDLED_ERROR]: Unhandled error. ([object Object])
    at Client.emit (events.js:171:17)
    at WebSocketConnection.onError (/Users/chrisivey/Projects/discordBots/node_modules/discord.js/src/client/websocket/WebSocketConnection.js:374:17)
    at WebSocket.onError (/Users/chrisivey/Projects/discordBots/node_modules/discord.js/node_modules/ws/lib/event-target.js:128:16)
    at WebSocket.emit (events.js:182:13)
    at _receiver.cleanup (/Users/chrisivey/Projects/discordBots/node_modules/discord.js/node_modules/ws/lib/websocket.js:211:14)
    at Receiver.cleanup (/Users/chrisivey/Projects/discordBots/node_modules/discord.js/node_modules/ws/lib/receiver.js:557:13)
    at WebSocket.finalize (/Users/chrisivey/Projects/discordBots/node_modules/discord.js/node_modules/ws/lib/websocket.js:206:20)
    at TLSSocket.emit (events.js:182:13)
    at emitErrorNT (internal/streams/destroy.js:82:8)
    at emitErrorAndCloseNT (internal/streams/destroy.js:50:3)
error: Forever detected script exited with code: 1
error: Script restart attempt #1
Bot has started, with 163 users, in 15 channels of 1 guilds.
error: Forever detected script was killed by signal: SIGKILL
